CREATE USER SA PASSWORD "" ADMIN
/*C1*/SET SCHEMA PUBLIC
CONNECT USER SA
DISCONNECT
/*C2*/SET SCHEMA PUBLIC
CONNECT USER SA
DISCONNECT
/*C3*/SET SCHEMA PUBLIC
CONNECT USER SA
/*C4*/SET SCHEMA PUBLIC
CONNECT USER SA
/*C5*/SET SCHEMA PUBLIC
CONNECT USER SA
/*C6*/SET SCHEMA PUBLIC
CONNECT USER SA
/*C7*/SET SCHEMA PUBLIC
CONNECT USER SA
/*C8*/SET SCHEMA PUBLIC
CONNECT USER SA
/*C9*/SET SCHEMA PUBLIC
CONNECT USER SA
/*C10*/SET SCHEMA PUBLIC
CONNECT USER SA
/*C11*/SET SCHEMA PUBLIC
CONNECT USER SA
/*C12*/SET SCHEMA PUBLIC
CONNECT USER SA
SET LOGSIZE 5
SET AUTOCOMMIT FALSE
/*C11*/SET AUTOCOMMIT FALSE
SET AUTOCOMMIT TRUE
/*C12*/CREATE TABLE fr_exerecord(id INTEGER GENERATED BY DEFAULT AS IDENTITY (start with 1),tname VARCHAR(255) NULL,type TINYINT NULL,param VARCHAR(2047) NULL,ip VARCHAR(255) NULL,username VARCHAR(255) NULL,userrole VARCHAR(255) NULL,time INTEGER NULL,logtime TIMESTAMP NULL,PRIMARY KEY (id))
CREATE TABLE fr_exprecord(id INTEGER GENERATED BY DEFAULT AS IDENTITY (start with 1),tname VARCHAR(255) NULL,type TINYINT NULL,param VARCHAR(2047) NULL,ip VARCHAR(255) NULL,username VARCHAR(255) NULL,userrole VARCHAR(255) NULL,time INTEGER NULL,logtime TIMESTAMP NULL,PRIMARY KEY (id))
CREATE TABLE fr_ptrecord(id INTEGER GENERATED BY DEFAULT AS IDENTITY (start with 1),tname VARCHAR(255) NULL,type TINYINT NULL,param VARCHAR(2047) NULL,ip VARCHAR(255) NULL,username VARCHAR(255) NULL,userrole VARCHAR(255) NULL,logtime TIMESTAMP NULL,PRIMARY KEY (id))
CREATE TABLE fr_errrecord(id INTEGER GENERATED BY DEFAULT AS IDENTITY (start with 1),tname VARCHAR(255) NULL,sinfo VARCHAR(2047) NULL,type TINYINT NULL,msg VARCHAR(1023) NULL,trace LONGVARCHAR NULL,logtime TIMESTAMP NULL,PRIMARY KEY (id))
CREATE TABLE fr_schedulerecord(id INTEGER GENERATED BY DEFAULT AS IDENTITY (start with 1),tname VARCHAR(255) NULL,sinfo VARCHAR(2047) NULL,type TINYINT NULL,msg VARCHAR(1023) NULL,trace LONGVARCHAR NULL,logtime TIMESTAMP NULL,detailmsg VARCHAR(1023) NULL,PRIMARY KEY (id))
CREATE TABLE fr_fsrecord(id INTEGER GENERATED BY DEFAULT AS IDENTITY (start with 1),username VARCHAR(255) NULL,userrole VARCHAR(255) NULL,ip VARCHAR(255) NULL,logtime TIMESTAMP NULL,PRIMARY KEY (id))
create index fr_exerecord_index on fr_exerecord(logtime asc, type asc)
create index fr_exprecord_index on fr_exprecord(logtime asc, type asc)
create index fr_ptrecord_index on fr_ptrecord(logtime asc, type asc)
create index fr_errrecord_index on fr_errrecord(logtime asc, type asc)
create index fr_schedulerecord_index on fr_schedulerecord(logtime asc, type asc)
create index fr_fsrecord_index on fr_fsrecord(logtime asc, username asc)
SET AUTOCOMMIT TRUE
INSERT INTO FR_ERRRECORD VALUES(1,'FR-Engine_Error_With_Non_Template',NULL,6,'Error in class com.fr.fs.FSModule.',NULL,'2015-12-30 17:41:30.310000000')
